


ARM Macro Assembler    Page 1 


    1 00000000                 PRESERVE8
    2 00000000                 THUMB
    3 00000000                 extern           Son
    4 00000000                 extern           LongueurSon
    5 00000000         
    6 00000000         ; ====================== zone de réservation de données,
                         ======================================
    7 00000000         ;Section RAM (read only) :
    8 00000000                 area             mesdata,data,readonly
    9 00000000         
   10 00000000         
   11 00000000         ;Section RAM (read write):
   12 00000000                 area             maram,data,readwrite
   13 00000000         
   14 00000000         
   15 00000000         
   16 00000000         ; ======================================================
                       =========================================
   17 00000000 00 00   SortieSon
                               dcw              0
   18 00000002 00 00 00000000 
                       index   dcd              0
   19 00000008         
   20 00000008                 EXPORT           CallbackSon
   21 00000008                 export           SortieSon
   22 00000008                 export           index
   23 00000008                 export           StartSon
   24 00000008                 export           GetIndex
   25 00000008         
   26 00000008         ;Section ROM code (read only) :  
   27 00000008                 area             moncode,code,readonly
   28 00000000         ; écrire le code ici  
   29 00000000                 include          ..\Driver\DriverJeuLaser.inc
    1 00000000         
    2 00000000         ; Bibliotheque DriverJeuLaser (ancienne gassp72 adaptée 
                       2021 - TR)
    3 00000000         ; Accès en aux fonctions suivantes :
    4 00000000         ; GPIO :
    5 00000000         ; GPIOA_Set(char Broche), GPIOB_Set(char Broche), GPIOC_
                       Set(char Broche)
    6 00000000         ; GPIOA_Clear(char Broche), GPIOB_Clear(char Broche), GP
                       IOC_Clear(char Broche)
    7 00000000         
    8 00000000         ; PWM :
    9 00000000         ;/**
   10 00000000         ; * @brief  Fixe une valeur de PWM, Val, en tick horloge
                       . La rapport cyclique effectif
   11 00000000         ; * est donc : rcy = Thaut_ticks / Periode_ticks
   12 00000000         ; * @note   spécifique Jeu Laser, PWM liée exclusivement
                        au TIM3, chan3
   13 00000000         ; * @param  Thaut_ticks : durée de l'état haut d'une imp
                       ulsion en Ticks
   14 00000000         ;  * @retval None
   15 00000000         ; */
   16 00000000         
   17 00000000         ;void PWM_Set_Value_TIM3_Ch3( unsigned short int Thaut_t
                       icks);
   18 00000000                 import           PWM_Set_Value_TIM3_Ch3
   19 00000000         



ARM Macro Assembler    Page 2 


   20 00000000         
   21 00000000         
   22 00000000         ;/**
   23 00000000         ; * @brief  Mise à 1 d'une broche GPIO 
   24 00000000         ;  * @note   Une fonction par GPIO
   25 00000000         ; * @param  Broche : 0 à 15
   26 00000000         ; * @retval None
   27 00000000         ; */
   28 00000000         
   29 00000000         ;void GPIOA_Set(char Broche);
   30 00000000                 import           GPIOA_Set
   31 00000000         
   32 00000000         ;void GPIOB_Set(char Broche);
   33 00000000                 import           GPIOB_Set
   34 00000000         
   35 00000000         ;void GPIOC_Set(char Broche);
   36 00000000                 import           GPIOC_Set
   37 00000000         
   38 00000000         
   39 00000000         
   40 00000000         ;/**
   41 00000000         ; * @brief  Mise à 0 d'une broche GPIO 
   42 00000000         ;  * @note   Une fonction par GPIO
   43 00000000         ; * @param  Broche : 0 à 15
   44 00000000         ; * @retval None
   45 00000000         ;  */
   46 00000000         
   47 00000000         ;void GPIOA_Clear(char Broche);
   48 00000000                 import           GPIOA_Clear
   49 00000000         
   50 00000000         ;void GPIOB_Clear(char Broche);
   51 00000000                 import           GPIOB_Clear
   52 00000000         
   53 00000000         ;void GPIOC_Clear(char Broche);
   54 00000000                 import           GPIOC_Clear
   55 00000000         
   56 00000000                 end
   30 00000000         
   31 00000000         
   32 00000000         CallbackSon
                               proc
   33 00000000         
   34 00000000 4A16            ldr              r2, =index  ; r2 = &index
   35 00000002 6813            ldr              r3,[r2]     ; r3 = *(&index) 
   36 00000004 4A16            ldr              r2, =LongueurSon
   37 00000006 6812            ldr              r2, [r2]    ; r2 = LongueurSon 
                                                            
   38 00000008 F1A2 0201       sub              r2, #1
   39 0000000C F04F 0002       mov              r0, #2
   40 00000010 FB02 F200       mul              r2, r0      ; passer par regist
                                                            re avec mul ou div.
                                                            .. 
   41 00000014 4293            cmp              r3,r2       ;(LongueurSon-1)*2 
                                                            => fin du son 
   42 00000016 DD04            ble              jouer_son
   43 00000018         ; on a joue une fois le son
   44 00000018         ; mov r3,#0
   45 00000018 F04F 0000       mov              r0, #0
   46 0000001C F7FF FFFE       bl               PWM_Set_Value_TIM3_Ch3 ;



ARM Macro Assembler    Page 3 


   47 00000020 4770            bx               lr
   48 00000022         
   49 00000022         
   50 00000022         jouer_son
   51 00000022 4910            ldr              r1, =Son    ; r1 = &Son 
   52 00000024 5EC9            ldrsh            r1, [r1,r3] ; r1 = première cas
                                                            e du tableau 
   53 00000026 F103 0302       add              r3,#2       ; incrementer index
                                                            
   54 0000002A 4A0C            ldr              r2, =index  ; r2 = &index
   55 0000002C 6013            str              r3, [r2]    ; garder valeur ind
                                                            ex en memoire
   56 0000002E F04F 025C       mov              r2, #92     ; 92 = (32767*2) / 
                                                            719 arrondi pour qu
                                                            e ça rentre => shri
                                                            nk l'intervalle 
   57 00000032 FB91 F1F2       sdiv             r1, r2      ;
   58 00000036 F44F 72B4       mov              r2, #360
   59 0000003A 4411            add              r1, r2      ; 720/2 => décalage
                                                             de l'[] pour enlev
                                                            er les négatifs 
   60 0000003C 480A            ldr              r0, =SortieSon
   61 0000003E 8001            strh             r1, [r0]    ; SortieSon = valeu
                                                            r du son sur [0,719
                                                            ]
   62 00000040 B500            push             {lr}
   63 00000042 4608            mov              r0, r1
   64 00000044 F7FF FFFE       bl               PWM_Set_Value_TIM3_Ch3 ;
   65 00000048 BD00            pop              {pc}
   66 0000004A         ;bx lr
   67 0000004A         
   68 0000004A                 endp
   69 0000004A         
   70 0000004A         
   71 0000004A         
   72 0000004A         
   73 0000004A         
   74 0000004A         StartSon
                               proc
   75 0000004A 4A04            ldr              r2, =index  ; r2 = &index
   76 0000004C F04F 0000       mov              r0,#0
   77 00000050 6010            str              r0,[r2]
   78 00000052 4770            bx               lr
   79 00000054                 endp
   80 00000054         
   81 00000054         
   82 00000054         
   83 00000054         
   84 00000054         GetIndex
                               proc
   85 00000054 4A01            ldr              r2, =index  ; r2 = &index
   86 00000056 6810            ldr              r0,[r2]
   87 00000058 4770            bx               lr
   88 0000005A                 endp
   89 0000005A         
   90 0000005A         
   91 0000005A                 END
              00 00 00000000 
              00000000 



ARM Macro Assembler    Page 4 


              00000000 
              00000000 
Command Line: --debug --xref --diag_suppress=9931 --cpu=Cortex-M3 --apcs=interw
ork --depend=.\obj\gestionson.d -o.\obj\gestionson.o -I.\RTE\_CibleSondeKEIL -I
C:\Programdata\Keil\Arm\Packs\ARM\CMSIS\5.7.0\CMSIS\Core\Include -IC:\Programda
ta\Keil\Arm\Packs\Keil\STM32F1xx_DFP\2.3.0\Device\Include --predefine="__EVAL S
ETA 1" --predefine="__MICROLIB SETA 1" --predefine="__UVISION_VERSION SETA 534"
 --predefine="_RTE_ SETA 1" --predefine="STM32F10X_MD SETA 1" --predefine="_RTE
_ SETA 1" --list=gestionson.lst Src\GestionSon.s



ARM Macro Assembler    Page 1 Alphabetic symbol ordering
Relocatable symbols

mesdata 00000000

Symbol: mesdata
   Definitions
      At line 8 in file Src\GestionSon.s
   Uses
      None
Comment: mesdata unused
1 symbol



ARM Macro Assembler    Page 1 Alphabetic symbol ordering
Relocatable symbols

SortieSon 00000000

Symbol: SortieSon
   Definitions
      At line 17 in file Src\GestionSon.s
   Uses
      At line 21 in file Src\GestionSon.s
      At line 60 in file Src\GestionSon.s

index 00000004

Symbol: index
   Definitions
      At line 18 in file Src\GestionSon.s
   Uses
      At line 22 in file Src\GestionSon.s
      At line 34 in file Src\GestionSon.s
      At line 54 in file Src\GestionSon.s
      At line 75 in file Src\GestionSon.s
      At line 85 in file Src\GestionSon.s

maram 00000000

Symbol: maram
   Definitions
      At line 12 in file Src\GestionSon.s
   Uses
      None
Comment: maram unused
3 symbols



ARM Macro Assembler    Page 1 Alphabetic symbol ordering
Relocatable symbols

CallbackSon 00000000

Symbol: CallbackSon
   Definitions
      At line 32 in file Src\GestionSon.s
   Uses
      At line 20 in file Src\GestionSon.s
Comment: CallbackSon used once
GetIndex 00000054

Symbol: GetIndex
   Definitions
      At line 84 in file Src\GestionSon.s
   Uses
      At line 24 in file Src\GestionSon.s
Comment: GetIndex used once
StartSon 0000004A

Symbol: StartSon
   Definitions
      At line 74 in file Src\GestionSon.s
   Uses
      At line 23 in file Src\GestionSon.s
Comment: StartSon used once
jouer_son 00000022

Symbol: jouer_son
   Definitions
      At line 50 in file Src\GestionSon.s
   Uses
      At line 42 in file Src\GestionSon.s
Comment: jouer_son used once
moncode 00000000

Symbol: moncode
   Definitions
      At line 27 in file Src\GestionSon.s
   Uses
      None
Comment: moncode unused
5 symbols



ARM Macro Assembler    Page 1 Alphabetic symbol ordering
External symbols

GPIOA_Clear 00000000

Symbol: GPIOA_Clear
   Definitions
      At line 48 in file Src\..\Driver\DriverJeuLaser.inc
   Uses
      None
Comment: GPIOA_Clear unused
GPIOA_Set 00000000

Symbol: GPIOA_Set
   Definitions
      At line 30 in file Src\..\Driver\DriverJeuLaser.inc
   Uses
      None
Comment: GPIOA_Set unused
GPIOB_Clear 00000000

Symbol: GPIOB_Clear
   Definitions
      At line 51 in file Src\..\Driver\DriverJeuLaser.inc
   Uses
      None
Comment: GPIOB_Clear unused
GPIOB_Set 00000000

Symbol: GPIOB_Set
   Definitions
      At line 33 in file Src\..\Driver\DriverJeuLaser.inc
   Uses
      None
Comment: GPIOB_Set unused
GPIOC_Clear 00000000

Symbol: GPIOC_Clear
   Definitions
      At line 54 in file Src\..\Driver\DriverJeuLaser.inc
   Uses
      None
Comment: GPIOC_Clear unused
GPIOC_Set 00000000

Symbol: GPIOC_Set
   Definitions
      At line 36 in file Src\..\Driver\DriverJeuLaser.inc
   Uses
      None
Comment: GPIOC_Set unused
LongueurSon 00000000

Symbol: LongueurSon
   Definitions
      At line 4 in file Src\GestionSon.s
   Uses
      At line 36 in file Src\GestionSon.s
Comment: LongueurSon used once
PWM_Set_Value_TIM3_Ch3 00000000

Symbol: PWM_Set_Value_TIM3_Ch3



ARM Macro Assembler    Page 2 Alphabetic symbol ordering
External symbols

   Definitions
      At line 18 in file Src\..\Driver\DriverJeuLaser.inc
   Uses
      At line 46 in file Src\GestionSon.s
      At line 64 in file Src\GestionSon.s

Son 00000000

Symbol: Son
   Definitions
      At line 3 in file Src\GestionSon.s
   Uses
      At line 51 in file Src\GestionSon.s
Comment: Son used once
9 symbols
355 symbols in table
