


ARM Macro Assembler    Page 1 


    1 00000000                 AREA             Signal, DATA, READONLY
    2 00000000                 export           LeSignal
    3 00000000         ;LeSignal
    4 00000000         ; DCW 0x0fff ;  0 4095  0.99976
    5 00000000         ; DCW 0x0ff6 ;  1 4086  0.99756
    6 00000000         ; DCW 0x0fd9 ;  2 4057  0.99048
    7 00000000         ; DCW 0x0fa8 ;  3 4008  0.97852
    8 00000000         ; DCW 0x0f64 ;  4 3940  0.96191
    9 00000000         ; DCW 0x0f0e ;  5 3854  0.94092
   10 00000000         ; DCW 0x0ea7 ;  6 3751  0.91577
   11 00000000         ; DCW 0x0e2f ;  7 3631  0.88647
   12 00000000         ; DCW 0x0da8 ;  8 3496  0.85352
   13 00000000         ; DCW 0x0d13 ;  9 3347  0.81714
   14 00000000         ; DCW 0x0c72 ; 10 3186  0.77783
   15 00000000         ; DCW 0x0bc5 ; 11 3013  0.73560
   16 00000000         ; DCW 0x0b10 ; 12 2832  0.69141
   17 00000000         ; DCW 0x0a53 ; 13 2643  0.64526
   18 00000000         ; DCW 0x0990 ; 14 2448  0.59766
   19 00000000         ; DCW 0x08c9 ; 15 2249  0.54907
   20 00000000         ; DCW 0x0800 ; 16 2048  0.50000
   21 00000000         ; DCW 0x0737 ; 17 1847  0.45093
   22 00000000         ; DCW 0x0670 ; 18 1648  0.40234
   23 00000000         ; DCW 0x05ad ; 19 1453  0.35474
   24 00000000         ; DCW 0x04f0 ; 20 1264  0.30859
   25 00000000         ; DCW 0x043b ; 21 1083  0.26440
   26 00000000         ; DCW 0x038e ; 22  910  0.22217
   27 00000000         ; DCW 0x02ed ; 23  749  0.18286
   28 00000000         ; DCW 0x0258 ; 24  600  0.14648
   29 00000000         ; DCW 0x01d1 ; 25  465  0.11353
   30 00000000         ; DCW 0x0159 ; 26  345  0.08423
   31 00000000         ; DCW 0x00f2 ; 27  242  0.05908
   32 00000000         ; DCW 0x009c ; 28  156  0.03809
   33 00000000         ; DCW 0x0058 ; 29   88  0.02148
   34 00000000         ; DCW 0x0027 ; 30   39  0.00952
   35 00000000         ; DCW 0x000a ; 31   10  0.00244
   36 00000000         ; DCW 0x0000 ; 32    0  0.00000
   37 00000000         ; DCW 0x000a ; 33   10  0.00244
   38 00000000         ; DCW 0x0027 ; 34   39  0.00952
   39 00000000         ; DCW 0x0058 ; 35   88  0.02148
   40 00000000         ; DCW 0x009c ; 36  156  0.03809
   41 00000000         ; DCW 0x00f2 ; 37  242  0.05908
   42 00000000         ; DCW 0x0159 ; 38  345  0.08423
   43 00000000         ; DCW 0x01d1 ; 39  465  0.11353
   44 00000000         ; DCW 0x0258 ; 40  600  0.14648
   45 00000000         ; DCW 0x02ed ; 41  749  0.18286
   46 00000000         ; DCW 0x038e ; 42  910  0.22217
   47 00000000         ; DCW 0x043b ; 43 1083  0.26440
   48 00000000         ; DCW 0x04f0 ; 44 1264  0.30859
   49 00000000         ; DCW 0x05ad ; 45 1453  0.35474
   50 00000000         ; DCW 0x0670 ; 46 1648  0.40234
   51 00000000         ; DCW 0x0737 ; 47 1847  0.45093
   52 00000000         ; DCW 0x0800 ; 48 2048  0.50000
   53 00000000         ; DCW 0x08c9 ; 49 2249  0.54907
   54 00000000         ; DCW 0x0990 ; 50 2448  0.59766
   55 00000000         ; DCW 0x0a53 ; 51 2643  0.64526
   56 00000000         ; DCW 0x0b10 ; 52 2832  0.69141
   57 00000000         ; DCW 0x0bc5 ; 53 3013  0.73560
   58 00000000         ; DCW 0x0c72 ; 54 3186  0.77783
   59 00000000         ; DCW 0x0d13 ; 55 3347  0.81714



ARM Macro Assembler    Page 2 


   60 00000000         ; DCW 0x0da8 ; 56 3496  0.85352
   61 00000000         ; DCW 0x0e2f ; 57 3631  0.88647
   62 00000000         ; DCW 0x0ea7 ; 58 3751  0.91577
   63 00000000         ; DCW 0x0f0e ; 59 3854  0.94092
   64 00000000         ; DCW 0x0f64 ; 60 3940  0.96191
   65 00000000         ; DCW 0x0fa8 ; 61 4008  0.97852
   66 00000000         ; DCW 0x0fd9 ; 62 4057  0.99048
   67 00000000         ; DCW 0x0ff6 ; 63 4086  0.99756
   68 00000000         ; END
   69 00000000         
   70 00000000         LeSignal
   71 00000000 EE 0E           DCW              0x0eee      ;  0 3822  0.93311
   72 00000002 78 0D           DCW              0x0d78      ;  1 3448  0.84180
   73 00000004 8A 0B           DCW              0x0b8a      ;  2 2954  0.72119
   74 00000006 4E 09           DCW              0x094e      ;  3 2382  0.58154
   75 00000008 F5 06           DCW              0x06f5      ;  4 1781  0.43481
   76 0000000A B3 04           DCW              0x04b3      ;  5 1203  0.29370
   77 0000000C BA 02           DCW              0x02ba      ;  6  698  0.17041
   78 0000000E 35 01           DCW              0x0135      ;  7  309  0.07544
   79 00000010 46 00           DCW              0x0046      ;  8   70  0.01709
   80 00000012 01 00           DCW              0x0001      ;  9    1  0.00024
   81 00000014 6D 00           DCW              0x006d      ; 10  109  0.02661
   82 00000016 7F 01           DCW              0x017f      ; 11  383  0.09351
   83 00000018 21 03           DCW              0x0321      ; 12  801  0.19556
   84 0000001A 2F 05           DCW              0x052f      ; 13 1327  0.32397
   85 0000001C 7A 07           DCW              0x077a      ; 14 1914  0.46729
   86 0000001E D1 09           DCW              0x09d1      ; 15 2513  0.61353
   87 00000020 00 0C           DCW              0x0c00      ; 16 3072  0.75000
   88 00000022 D7 0D           DCW              0x0dd7      ; 17 3543  0.86499
   89 00000024 2D 0F           DCW              0x0f2d      ; 18 3885  0.94849
   90 00000026 E5 0F           DCW              0x0fe5      ; 19 4069  0.99341
   91 00000028 EE 0F           DCW              0x0fee      ; 20 4078  0.99561
   92 0000002A 49 0F           DCW              0x0f49      ; 21 3913  0.95532
   93 0000002C 04 0E           DCW              0x0e04      ; 22 3588  0.87598
   94 0000002E 39 0C           DCW              0x0c39      ; 23 3129  0.76392
   95 00000030 12 0A           DCW              0x0a12      ; 24 2578  0.62939
   96 00000032 BD 07           DCW              0x07bd      ; 25 1981  0.48364
   97 00000034 6E 05           DCW              0x056e      ; 26 1390  0.33936
   98 00000036 57 03           DCW              0x0357      ; 27  855  0.20874
   99 00000038 A7 01           DCW              0x01a7      ; 28  423  0.10327
  100 0000003A 83 00           DCW              0x0083      ; 29  131  0.03198
  101 0000003C 04 00           DCW              0x0004      ; 30    4  0.00098
  102 0000003E 35 00           DCW              0x0035      ; 31   53  0.01294
  103 00000040 12 01           DCW              0x0112      ; 32  274  0.06689
  104 00000042 88 02           DCW              0x0288      ; 33  648  0.15820
  105 00000044 76 04           DCW              0x0476      ; 34 1142  0.27881
  106 00000046 B2 06           DCW              0x06b2      ; 35 1714  0.41846
  107 00000048 0B 09           DCW              0x090b      ; 36 2315  0.56519
  108 0000004A 4D 0B           DCW              0x0b4d      ; 37 2893  0.70630
  109 0000004C 46 0D           DCW              0x0d46      ; 38 3398  0.82959
  110 0000004E CB 0E           DCW              0x0ecb      ; 39 3787  0.92456
  111 00000050 BA 0F           DCW              0x0fba      ; 40 4026  0.98291
  112 00000052 FF 0F           DCW              0x0fff      ; 41 4095  0.99976
  113 00000054 93 0F           DCW              0x0f93      ; 42 3987  0.97339
  114 00000056 81 0E           DCW              0x0e81      ; 43 3713  0.90649
  115 00000058 DF 0C           DCW              0x0cdf      ; 44 3295  0.80444
  116 0000005A D1 0A           DCW              0x0ad1      ; 45 2769  0.67603
  117 0000005C 86 08           DCW              0x0886      ; 46 2182  0.53271
  118 0000005E 2F 06           DCW              0x062f      ; 47 1583  0.38647



ARM Macro Assembler    Page 3 


  119 00000060 00 04           DCW              0x0400      ; 48 1024  0.25000
  120 00000062 29 02           DCW              0x0229      ; 49  553  0.13501
  121 00000064 D3 00           DCW              0x00d3      ; 50  211  0.05151
  122 00000066 1B 00           DCW              0x001b      ; 51   27  0.00659
  123 00000068 12 00           DCW              0x0012      ; 52   18  0.00439
  124 0000006A B7 00           DCW              0x00b7      ; 53  183  0.04468
  125 0000006C FC 01           DCW              0x01fc      ; 54  508  0.12402
  126 0000006E C7 03           DCW              0x03c7      ; 55  967  0.23608
  127 00000070 EE 05           DCW              0x05ee      ; 56 1518  0.37061
  128 00000072 43 08           DCW              0x0843      ; 57 2115  0.51636
  129 00000074 92 0A           DCW              0x0a92      ; 58 2706  0.66064
  130 00000076 A9 0C           DCW              0x0ca9      ; 59 3241  0.79126
  131 00000078 59 0E           DCW              0x0e59      ; 60 3673  0.89673
  132 0000007A 7D 0F           DCW              0x0f7d      ; 61 3965  0.96802
  133 0000007C FC 0F           DCW              0x0ffc      ; 62 4092  0.99902
  134 0000007E CB 0F           DCW              0x0fcb      ; 63 4043  0.98706
  135 00000080                 END
Command Line: --debug --xref --diag_suppress=9931 --cpu=Cortex-M3 --apcs=interw
ork --depend=.\obj\signal.d -o.\obj\signal.o -I.\RTE\_CibleSondeST -IC:\Program
data\Keil\Arm\Packs\ARM\CMSIS\5.7.0\CMSIS\Core\Include -IC:\Programdata\Keil\Ar
m\Packs\Keil\STM32F1xx_DFP\2.3.0\Device\Include --predefine="__EVAL SETA 1" --p
redefine="__MICROLIB SETA 1" --predefine="__UVISION_VERSION SETA 534" --predefi
ne="_RTE_ SETA 1" --predefine="STM32F10X_MD SETA 1" --predefine="_RTE_ SETA 1" 
--list=signal.lst Src\Signal.asm



ARM Macro Assembler    Page 1 Alphabetic symbol ordering
Relocatable symbols

LeSignal 00000000

Symbol: LeSignal
   Definitions
      At line 70 in file Src\Signal.asm
   Uses
      At line 2 in file Src\Signal.asm
Comment: LeSignal used once
Signal 00000000

Symbol: Signal
   Definitions
      At line 1 in file Src\Signal.asm
   Uses
      None
Comment: Signal unused
2 symbols
337 symbols in table
