


ARM Macro Assembler    Page 1 


    1 00000000                 PRESERVE8
    2 00000000                 THUMB
    3 00000000         
    4 00000000         
    5 00000000         ; ====================== zone de réservation de données,
                         ======================================
    6 00000000         ;Section RAM (read only) :
    7 00000000                 area             mesdata,data,readonly
    8 00000000         
    9 00000000         
   10 00000000         ;Section RAM (read write):
   11 00000000                 area             maram,data,readwrite
   12 00000000         
   13 00000000                 export           Xr
   14 00000000         
   15 00000000         
   16 00000000         ; ======================================================
                       =========================================
   17 00000000         
   18 00000000         
   19 00000000         
   20 00000000         
   21 00000000         ;Section ROM code (read only) :  
   22 00000000                 area             moncode,code,readonly
   23 00000000         ; écrire le code ici  
   24 00000000         
   25 00000000         
   26 00000000         Xr      proc
   27 00000000 B4F0            push             {r4,r5,r6,r7}
   28 00000002         ; r0 = signal[], r1 = k
   29 00000002 F04F 0200       mov              r2,#0       ; int i = 0
   30 00000006 F04F 0300       mov              r3,#0       ; sum = 0 dans r3
   31 0000000A         start_for
   32 0000000A 2A40            cmp              r2,#64
   33 0000000C D00E            beq              end_for
   34 0000000E F830 4012       ldrh             r4,[r0,r2,LSL #1] 
                                                            ; r4 = signal[i]
   35 00000012 FB02 F501       mul              r5,r2,r1    ; r5 = p = k*n
   36 00000016         ; cos
   37 00000016 F005 053F       and              r5,r5,#0x003F ; use only 6 bits
                                                             so to make mod 64
   38 0000001A 4E08            ldr              r6,=TabCos
   39 0000001C 5B77            ldrh             r7,[r6,r5]  ; r7 = TabCos[p%64]
                                                            
   40 0000001E         ; end cos
   41 0000001E FB07 F704       mul              r7,r7,r4    ; r7 = cos*signal 
   42 00000022 443B            add              r3,r7       ; sum += cos*signal
                                                             
   43 00000024 F102 0201       add              r2, #1
   44 00000028 F7FF FFEF       bl               start_for
   45 0000002C         end_for
   46 0000002C         ; todo res in r0
   47 0000002C 4638            mov              r0,r7       ; débordement dans 
                                                            le résultat ;-( 
   48 0000002E BCF0            pop              {r7,r6,r5,r4}
   49 00000030         ; bx lr ; no read permission???? 
   50 00000030                 endp
   51 00000030         
   52 00000030         



ARM Macro Assembler    Page 2 


   53 00000030         cos     proc
   54 00000030         ;  cos(p: u32)->u16;
   55 00000030 F000 003F       and              r0,r0,#0x003F ; use only 6 bits
                                                             so to make mod 64
   56 00000034 4901            ldr              r1,=TabCos
   57 00000036 5808            ldr              r0,[r1,r0]  ; TabCos[p%64]
   58 00000038 4770            bx               lr          ;
   59 0000003A                 endp
   60 0000003A         
   61 0000003A         
   62 0000003A         sin     proc
   63 0000003A         
   64 0000003A                 endp
   65 0000003A         
   66 0000003A         
   67 0000003A         ;Section ROM code (read only) :  
   68 0000003A 00 00 00000000 
              00000000         AREA             Trigo, DATA, READONLY
   69 00000000         ; codage fractionnaire 1.15
   70 00000000         
   71 00000000         TabCos
   72 00000000 FF 7F           DCW              32767       ;  0 0x7fff  0.9999
                                                            7
   73 00000002 62 7F           DCW              32610       ;  1 0x7f62  0.9951
                                                            8
   74 00000004 8A 7D           DCW              32138       ;  2 0x7d8a  0.9807
                                                            7
   75 00000006 7D 7A           DCW              31357       ;  3 0x7a7d  0.9569
                                                            4
   76 00000008 42 76           DCW              30274       ;  4 0x7642  0.9238
                                                            9
   77 0000000A E3 70           DCW              28899       ;  5 0x70e3  0.8819
                                                            3
   78 0000000C 6E 6A           DCW              27246       ;  6 0x6a6e  0.8314
                                                            8
   79 0000000E F2 62           DCW              25330       ;  7 0x62f2  0.7730
                                                            1
   80 00000010 82 5A           DCW              23170       ;  8 0x5a82  0.7070
                                                            9
   81 00000012 34 51           DCW              20788       ;  9 0x5134  0.6344
                                                            0
   82 00000014 1D 47           DCW              18205       ; 10 0x471d  0.5555
                                                            7
   83 00000016 57 3C           DCW              15447       ; 11 0x3c57  0.4714
                                                            1
   84 00000018 FC 30           DCW              12540       ; 12 0x30fc  0.3826
                                                            9
   85 0000001A 28 25           DCW              9512        ; 13 0x2528  0.2902
                                                            8
   86 0000001C F9 18           DCW              6393        ; 14 0x18f9  0.1951
                                                            0
   87 0000001E 8C 0C           DCW              3212        ; 15 0x0c8c  0.0980
                                                            2
   88 00000020 00 00           DCW              0           ; 16 0x0000  0.0000
                                                            0
   89 00000022 74 F3           DCW              -3212       ; 17 0xf374 -0.0980
                                                            2
   90 00000024 07 E7           DCW              -6393       ; 18 0xe707 -0.1951
                                                            0



ARM Macro Assembler    Page 3 


   91 00000026 D8 DA           DCW              -9512       ; 19 0xdad8 -0.2902
                                                            8
   92 00000028 04 CF           DCW              -12540      ; 20 0xcf04 -0.3826
                                                            9
   93 0000002A A9 C3           DCW              -15447      ; 21 0xc3a9 -0.4714
                                                            1
   94 0000002C E3 B8           DCW              -18205      ; 22 0xb8e3 -0.5555
                                                            7
   95 0000002E CC AE           DCW              -20788      ; 23 0xaecc -0.6344
                                                            0
   96 00000030 7E A5           DCW              -23170      ; 24 0xa57e -0.7070
                                                            9
   97 00000032 0E 9D           DCW              -25330      ; 25 0x9d0e -0.7730
                                                            1
   98 00000034 92 95           DCW              -27246      ; 26 0x9592 -0.8314
                                                            8
   99 00000036 1D 8F           DCW              -28899      ; 27 0x8f1d -0.8819
                                                            3
  100 00000038 BE 89           DCW              -30274      ; 28 0x89be -0.9238
                                                            9
  101 0000003A 83 85           DCW              -31357      ; 29 0x8583 -0.9569
                                                            4
  102 0000003C 76 82           DCW              -32138      ; 30 0x8276 -0.9807
                                                            7
  103 0000003E 9E 80           DCW              -32610      ; 31 0x809e -0.9951
                                                            8
  104 00000040 00 80           DCW              -32768      ; 32 0x8000 -1.0000
                                                            0
  105 00000042 9E 80           DCW              -32610      ; 33 0x809e -0.9951
                                                            8
  106 00000044 76 82           DCW              -32138      ; 34 0x8276 -0.9807
                                                            7
  107 00000046 83 85           DCW              -31357      ; 35 0x8583 -0.9569
                                                            4
  108 00000048 BE 89           DCW              -30274      ; 36 0x89be -0.9238
                                                            9
  109 0000004A 1D 8F           DCW              -28899      ; 37 0x8f1d -0.8819
                                                            3
  110 0000004C 92 95           DCW              -27246      ; 38 0x9592 -0.8314
                                                            8
  111 0000004E 0E 9D           DCW              -25330      ; 39 0x9d0e -0.7730
                                                            1
  112 00000050 7E A5           DCW              -23170      ; 40 0xa57e -0.7070
                                                            9
  113 00000052 CC AE           DCW              -20788      ; 41 0xaecc -0.6344
                                                            0
  114 00000054 E3 B8           DCW              -18205      ; 42 0xb8e3 -0.5555
                                                            7
  115 00000056 A9 C3           DCW              -15447      ; 43 0xc3a9 -0.4714
                                                            1
  116 00000058 04 CF           DCW              -12540      ; 44 0xcf04 -0.3826
                                                            9
  117 0000005A D8 DA           DCW              -9512       ; 45 0xdad8 -0.2902
                                                            8
  118 0000005C 07 E7           DCW              -6393       ; 46 0xe707 -0.1951
                                                            0
  119 0000005E 74 F3           DCW              -3212       ; 47 0xf374 -0.0980
                                                            2
  120 00000060 00 00           DCW              0           ; 48 0x0000  0.0000



ARM Macro Assembler    Page 4 


                                                            0
  121 00000062 8C 0C           DCW              3212        ; 49 0x0c8c  0.0980
                                                            2
  122 00000064 F9 18           DCW              6393        ; 50 0x18f9  0.1951
                                                            0
  123 00000066 28 25           DCW              9512        ; 51 0x2528  0.2902
                                                            8
  124 00000068 FC 30           DCW              12540       ; 52 0x30fc  0.3826
                                                            9
  125 0000006A 57 3C           DCW              15447       ; 53 0x3c57  0.4714
                                                            1
  126 0000006C 1D 47           DCW              18205       ; 54 0x471d  0.5555
                                                            7
  127 0000006E 34 51           DCW              20788       ; 55 0x5134  0.6344
                                                            0
  128 00000070 82 5A           DCW              23170       ; 56 0x5a82  0.7070
                                                            9
  129 00000072 F2 62           DCW              25330       ; 57 0x62f2  0.7730
                                                            1
  130 00000074 6E 6A           DCW              27246       ; 58 0x6a6e  0.8314
                                                            8
  131 00000076 E3 70           DCW              28899       ; 59 0x70e3  0.8819
                                                            3
  132 00000078 42 76           DCW              30274       ; 60 0x7642  0.9238
                                                            9
  133 0000007A 7D 7A           DCW              31357       ; 61 0x7a7d  0.9569
                                                            4
  134 0000007C 8A 7D           DCW              32138       ; 62 0x7d8a  0.9807
                                                            7
  135 0000007E 62 7F           DCW              32610       ; 63 0x7f62  0.9951
                                                            8
  136 00000080         TabSin
  137 00000080 00 00           DCW              0           ;  0 0x0000  0.0000
                                                            0
  138 00000082 8C 0C           DCW              3212        ;  1 0x0c8c  0.0980
                                                            2
  139 00000084 F9 18           DCW              6393        ;  2 0x18f9  0.1951
                                                            0
  140 00000086 28 25           DCW              9512        ;  3 0x2528  0.2902
                                                            8
  141 00000088 FC 30           DCW              12540       ;  4 0x30fc  0.3826
                                                            9
  142 0000008A 57 3C           DCW              15447       ;  5 0x3c57  0.4714
                                                            1
  143 0000008C 1D 47           DCW              18205       ;  6 0x471d  0.5555
                                                            7
  144 0000008E 34 51           DCW              20788       ;  7 0x5134  0.6344
                                                            0
  145 00000090 82 5A           DCW              23170       ;  8 0x5a82  0.7070
                                                            9
  146 00000092 F2 62           DCW              25330       ;  9 0x62f2  0.7730
                                                            1
  147 00000094 6E 6A           DCW              27246       ; 10 0x6a6e  0.8314
                                                            8
  148 00000096 E3 70           DCW              28899       ; 11 0x70e3  0.8819
                                                            3
  149 00000098 42 76           DCW              30274       ; 12 0x7642  0.9238
                                                            9
  150 0000009A 7D 7A           DCW              31357       ; 13 0x7a7d  0.9569



ARM Macro Assembler    Page 5 


                                                            4
  151 0000009C 8A 7D           DCW              32138       ; 14 0x7d8a  0.9807
                                                            7
  152 0000009E 62 7F           DCW              32610       ; 15 0x7f62  0.9951
                                                            8
  153 000000A0 FF 7F           DCW              32767       ; 16 0x7fff  0.9999
                                                            7
  154 000000A2 62 7F           DCW              32610       ; 17 0x7f62  0.9951
                                                            8
  155 000000A4 8A 7D           DCW              32138       ; 18 0x7d8a  0.9807
                                                            7
  156 000000A6 7D 7A           DCW              31357       ; 19 0x7a7d  0.9569
                                                            4
  157 000000A8 42 76           DCW              30274       ; 20 0x7642  0.9238
                                                            9
  158 000000AA E3 70           DCW              28899       ; 21 0x70e3  0.8819
                                                            3
  159 000000AC 6E 6A           DCW              27246       ; 22 0x6a6e  0.8314
                                                            8
  160 000000AE F2 62           DCW              25330       ; 23 0x62f2  0.7730
                                                            1
  161 000000B0 82 5A           DCW              23170       ; 24 0x5a82  0.7070
                                                            9
  162 000000B2 34 51           DCW              20788       ; 25 0x5134  0.6344
                                                            0
  163 000000B4 1D 47           DCW              18205       ; 26 0x471d  0.5555
                                                            7
  164 000000B6 57 3C           DCW              15447       ; 27 0x3c57  0.4714
                                                            1
  165 000000B8 FC 30           DCW              12540       ; 28 0x30fc  0.3826
                                                            9
  166 000000BA 28 25           DCW              9512        ; 29 0x2528  0.2902
                                                            8
  167 000000BC F9 18           DCW              6393        ; 30 0x18f9  0.1951
                                                            0
  168 000000BE 8C 0C           DCW              3212        ; 31 0x0c8c  0.0980
                                                            2
  169 000000C0 00 00           DCW              0           ; 32 0x0000  0.0000
                                                            0
  170 000000C2 74 F3           DCW              -3212       ; 33 0xf374 -0.0980
                                                            2
  171 000000C4 07 E7           DCW              -6393       ; 34 0xe707 -0.1951
                                                            0
  172 000000C6 D8 DA           DCW              -9512       ; 35 0xdad8 -0.2902
                                                            8
  173 000000C8 04 CF           DCW              -12540      ; 36 0xcf04 -0.3826
                                                            9
  174 000000CA A9 C3           DCW              -15447      ; 37 0xc3a9 -0.4714
                                                            1
  175 000000CC E3 B8           DCW              -18205      ; 38 0xb8e3 -0.5555
                                                            7
  176 000000CE CC AE           DCW              -20788      ; 39 0xaecc -0.6344
                                                            0
  177 000000D0 7E A5           DCW              -23170      ; 40 0xa57e -0.7070
                                                            9
  178 000000D2 0E 9D           DCW              -25330      ; 41 0x9d0e -0.7730
                                                            1
  179 000000D4 92 95           DCW              -27246      ; 42 0x9592 -0.8314
                                                            8



ARM Macro Assembler    Page 6 


  180 000000D6 1D 8F           DCW              -28899      ; 43 0x8f1d -0.8819
                                                            3
  181 000000D8 BE 89           DCW              -30274      ; 44 0x89be -0.9238
                                                            9
  182 000000DA 83 85           DCW              -31357      ; 45 0x8583 -0.9569
                                                            4
  183 000000DC 76 82           DCW              -32138      ; 46 0x8276 -0.9807
                                                            7
  184 000000DE 9E 80           DCW              -32610      ; 47 0x809e -0.9951
                                                            8
  185 000000E0 00 80           DCW              -32768      ; 48 0x8000 -1.0000
                                                            0
  186 000000E2 9E 80           DCW              -32610      ; 49 0x809e -0.9951
                                                            8
  187 000000E4 76 82           DCW              -32138      ; 50 0x8276 -0.9807
                                                            7
  188 000000E6 83 85           DCW              -31357      ; 51 0x8583 -0.9569
                                                            4
  189 000000E8 BE 89           DCW              -30274      ; 52 0x89be -0.9238
                                                            9
  190 000000EA 1D 8F           DCW              -28899      ; 53 0x8f1d -0.8819
                                                            3
  191 000000EC 92 95           DCW              -27246      ; 54 0x9592 -0.8314
                                                            8
  192 000000EE 0E 9D           DCW              -25330      ; 55 0x9d0e -0.7730
                                                            1
  193 000000F0 7E A5           DCW              -23170      ; 56 0xa57e -0.7070
                                                            9
  194 000000F2 CC AE           DCW              -20788      ; 57 0xaecc -0.6344
                                                            0
  195 000000F4 E3 B8           DCW              -18205      ; 58 0xb8e3 -0.5555
                                                            7
  196 000000F6 A9 C3           DCW              -15447      ; 59 0xc3a9 -0.4714
                                                            1
  197 000000F8 04 CF           DCW              -12540      ; 60 0xcf04 -0.3826
                                                            9
  198 000000FA D8 DA           DCW              -9512       ; 61 0xdad8 -0.2902
                                                            8
  199 000000FC 07 E7           DCW              -6393       ; 62 0xe707 -0.1951
                                                            0
  200 000000FE 74 F3           DCW              -3212       ; 63 0xf374 -0.0980
                                                            2
  201 00000100         
  202 00000100         
  203 00000100         
  204 00000100         
  205 00000100                 END
Command Line: --debug --xref --diag_suppress=9931 --cpu=Cortex-M3 --apcs=interw
ork --depend=.\obj\dft.d -o.\obj\dft.o -I.\RTE\_Simu -IC:\Programdata\Keil\Arm\
Packs\ARM\CMSIS\5.7.0\CMSIS\Core\Include -IC:\Programdata\Keil\Arm\Packs\Keil\S
TM32F1xx_DFP\2.3.0\Device\Include --predefine="__EVAL SETA 1" --predefine="__MI
CROLIB SETA 1" --predefine="__UVISION_VERSION SETA 534" --predefine="_RTE_ SETA
 1" --predefine="STM32F10X_MD SETA 1" --predefine="_RTE_ SETA 1" --list=dft.lst
 Src\DFT.s



ARM Macro Assembler    Page 1 Alphabetic symbol ordering
Relocatable symbols

mesdata 00000000

Symbol: mesdata
   Definitions
      At line 7 in file Src\DFT.s
   Uses
      None
Comment: mesdata unused
1 symbol



ARM Macro Assembler    Page 1 Alphabetic symbol ordering
Relocatable symbols

maram 00000000

Symbol: maram
   Definitions
      At line 11 in file Src\DFT.s
   Uses
      None
Comment: maram unused
1 symbol



ARM Macro Assembler    Page 1 Alphabetic symbol ordering
Relocatable symbols

Xr 00000000

Symbol: Xr
   Definitions
      At line 26 in file Src\DFT.s
   Uses
      At line 13 in file Src\DFT.s
Comment: Xr used once
cos 00000030

Symbol: cos
   Definitions
      At line 53 in file Src\DFT.s
   Uses
      None
Comment: cos unused
end_for 0000002C

Symbol: end_for
   Definitions
      At line 45 in file Src\DFT.s
   Uses
      At line 33 in file Src\DFT.s
Comment: end_for used once
moncode 00000000

Symbol: moncode
   Definitions
      At line 22 in file Src\DFT.s
   Uses
      None
Comment: moncode unused
sin 0000003A

Symbol: sin
   Definitions
      At line 62 in file Src\DFT.s
   Uses
      None
Comment: sin unused
start_for 0000000A

Symbol: start_for
   Definitions
      At line 31 in file Src\DFT.s
   Uses
      At line 44 in file Src\DFT.s
Comment: start_for used once
6 symbols



ARM Macro Assembler    Page 1 Alphabetic symbol ordering
Relocatable symbols

TabCos 00000000

Symbol: TabCos
   Definitions
      At line 71 in file Src\DFT.s
   Uses
      At line 38 in file Src\DFT.s
      At line 56 in file Src\DFT.s

TabSin 00000080

Symbol: TabSin
   Definitions
      At line 136 in file Src\DFT.s
   Uses
      None
Comment: TabSin unused
Trigo 00000000

Symbol: Trigo
   Definitions
      At line 68 in file Src\DFT.s
   Uses
      None
Comment: Trigo unused
3 symbols
348 symbols in table
